<html>
<head>
<title>TestNG:  chrome test</title>
<link href="../testng.css" rel="stylesheet" type="text/css" />
<link href="../my-testng.css" rel="stylesheet" type="text/css" />

<style type="text/css">
.log { display: none;} 
.stack-trace { display: none;} 
</style>
<script type="text/javascript">
<!--
function flip(e) {
  current = e.style.display;
  if (current == 'block') {
    e.style.display = 'none';
    return 0;
  }
  else {
    e.style.display = 'block';
    return 1;
  }
}

function toggleBox(szDivId, elem, msg1, msg2)
{
  var res = -1;  if (document.getElementById) {
    res = flip(document.getElementById(szDivId));
  }
  else if (document.all) {
    // this is the way old msie versions work
    res = flip(document.all[szDivId]);
  }
  if(elem) {
    if(res == 0) elem.innerHTML = msg1; else elem.innerHTML = msg2;
  }

}

function toggleAllBoxes() {
  if (document.getElementsByTagName) {
    d = document.getElementsByTagName('div');
    for (i = 0; i < d.length; i++) {
      if (d[i].className == 'log') {
        flip(d[i]);
      }
    }
  }
}

// -->
</script>

</head>
<body>
<h2 align='center'>chrome test</h2><table border='1' align="center">
<tr>
<td>Tests passed/Failed/Skipped:</td><td>9/5/0</td>
</tr><tr>
<td>Started on:</td><td>Wed Dec 08 22:54:23 IST 2021</td>
</tr>
<tr><td>Total time:</td><td>322 seconds (322350 ms)</td>
</tr><tr>
<td>Included groups:</td><td></td>
</tr><tr>
<td>Excluded groups:</td><td></td>
</tr>
</table><p/>
<small><i>(Hover the method name to see the test class name)</i></small><p/>
<table width='100%' border='1' class='invocation-failed'>
<tr><td colspan='4' align='center'><b>FAILED TESTS</b></td></tr>
<tr><td><b>Test method</b></td>
<td width="30%"><b>Exception</b></td>
<td width="10%"><b>Time (seconds)</b></td>
<td><b>Instance</b></td>
</tr>
<tr>
<td title='com.codekuul.uitest.SignUpPageTest.validateFullNameFieldForInvalidInput()'><b>validateFullNameFieldForInvalidInput</b><br>Test class: com.codekuul.uitest.SignUpPageTest</td>
<td><div><pre>java.lang.ArrayIndexOutOfBoundsException: 1
	at com.codekuul.keywords.UiKeywords.enterText(UiKeywords.java:158)
	at com.codekuul.uitest.SignUpPageTest.validateFullNameFieldForInvalidInput(SignUpPageTest.java:44)
	at java.util.ArrayList.forEach(ArrayList.java:1259)
	at java.util.concurrent.FutureTask.run(FutureTask.java:266)
	at java.util.concurrent.ThreadPoolExecutor.runWorker(ThreadPoolExecutor.java:1149)
	at java.util.concurrent.ThreadPoolExecutor$Worker.run(ThreadPoolExecutor.java:624)
	at java.lang.Thread.run(Thread.java:748)
... Removed 18 stack frames</pre></div><a href='#' onClick='toggleBox("stack-trace972530164", this, "Click to show all stack frames", "Click to hide stack frames")'>Click to show all stack frames</a>
<div class='stack-trace' id='stack-trace972530164'><pre>java.lang.ArrayIndexOutOfBoundsException: 1
	at com.codekuul.keywords.UiKeywords.enterText(UiKeywords.java:158)
	at com.codekuul.uitest.SignUpPageTest.validateFullNameFieldForInvalidInput(SignUpPageTest.java:44)
	at sun.reflect.NativeMethodAccessorImpl.invoke0(Native Method)
	at sun.reflect.NativeMethodAccessorImpl.invoke(NativeMethodAccessorImpl.java:62)
	at sun.reflect.DelegatingMethodAccessorImpl.invoke(DelegatingMethodAccessorImpl.java:43)
	at java.lang.reflect.Method.invoke(Method.java:498)
	at org.testng.internal.MethodInvocationHelper.invokeMethod(MethodInvocationHelper.java:133)
	at org.testng.internal.TestInvoker.invokeMethod(TestInvoker.java:598)
	at org.testng.internal.TestInvoker.invokeTestMethod(TestInvoker.java:173)
	at org.testng.internal.MethodRunner.runInSequence(MethodRunner.java:46)
	at org.testng.internal.TestInvoker$MethodInvocationAgent.invoke(TestInvoker.java:824)
	at org.testng.internal.TestInvoker.invokeTestMethods(TestInvoker.java:146)
	at org.testng.internal.TestMethodWorker.invokeTestMethods(TestMethodWorker.java:146)
	at org.testng.internal.TestMethodWorker.run(TestMethodWorker.java:128)
	at java.util.ArrayList.forEach(ArrayList.java:1259)
	at org.testng.TestRunner.privateRun(TestRunner.java:794)
	at org.testng.TestRunner.run(TestRunner.java:596)
	at org.testng.SuiteRunner.runTest(SuiteRunner.java:377)
	at org.testng.SuiteRunner.access$000(SuiteRunner.java:28)
	at org.testng.SuiteRunner$SuiteWorker.run(SuiteRunner.java:418)
	at org.testng.internal.thread.ThreadUtil.lambda$execute$0(ThreadUtil.java:64)
	at java.util.concurrent.FutureTask.run(FutureTask.java:266)
	at java.util.concurrent.ThreadPoolExecutor.runWorker(ThreadPoolExecutor.java:1149)
	at java.util.concurrent.ThreadPoolExecutor$Worker.run(ThreadPoolExecutor.java:624)
	at java.lang.Thread.run(Thread.java:748)
</pre></div></td>
<td>5</td>
<td>com.codekuul.uitest.SignUpPageTest@3d36e4cd</td></tr>
<tr>
<td title='com.codekuul.uitest.SignUpPageTest.validateEmailFieldForInvalidInput()'><b>validateEmailFieldForInvalidInput</b><br>Test class: com.codekuul.uitest.SignUpPageTest</td>
<td><div><pre>java.lang.ArrayIndexOutOfBoundsException: 1
	at com.codekuul.keywords.UiKeywords.enterText(UiKeywords.java:158)
	at com.codekuul.uitest.SignUpPageTest.validateEmailFieldForInvalidInput(SignUpPageTest.java:81)
	at java.util.ArrayList.forEach(ArrayList.java:1259)
	at java.util.concurrent.FutureTask.run(FutureTask.java:266)
	at java.util.concurrent.ThreadPoolExecutor.runWorker(ThreadPoolExecutor.java:1149)
	at java.util.concurrent.ThreadPoolExecutor$Worker.run(ThreadPoolExecutor.java:624)
	at java.lang.Thread.run(Thread.java:748)
... Removed 18 stack frames</pre></div><a href='#' onClick='toggleBox("stack-trace1994556708", this, "Click to show all stack frames", "Click to hide stack frames")'>Click to show all stack frames</a>
<div class='stack-trace' id='stack-trace1994556708'><pre>java.lang.ArrayIndexOutOfBoundsException: 1
	at com.codekuul.keywords.UiKeywords.enterText(UiKeywords.java:158)
	at com.codekuul.uitest.SignUpPageTest.validateEmailFieldForInvalidInput(SignUpPageTest.java:81)
	at sun.reflect.NativeMethodAccessorImpl.invoke0(Native Method)
	at sun.reflect.NativeMethodAccessorImpl.invoke(NativeMethodAccessorImpl.java:62)
	at sun.reflect.DelegatingMethodAccessorImpl.invoke(DelegatingMethodAccessorImpl.java:43)
	at java.lang.reflect.Method.invoke(Method.java:498)
	at org.testng.internal.MethodInvocationHelper.invokeMethod(MethodInvocationHelper.java:133)
	at org.testng.internal.TestInvoker.invokeMethod(TestInvoker.java:598)
	at org.testng.internal.TestInvoker.invokeTestMethod(TestInvoker.java:173)
	at org.testng.internal.MethodRunner.runInSequence(MethodRunner.java:46)
	at org.testng.internal.TestInvoker$MethodInvocationAgent.invoke(TestInvoker.java:824)
	at org.testng.internal.TestInvoker.invokeTestMethods(TestInvoker.java:146)
	at org.testng.internal.TestMethodWorker.invokeTestMethods(TestMethodWorker.java:146)
	at org.testng.internal.TestMethodWorker.run(TestMethodWorker.java:128)
	at java.util.ArrayList.forEach(ArrayList.java:1259)
	at org.testng.TestRunner.privateRun(TestRunner.java:794)
	at org.testng.TestRunner.run(TestRunner.java:596)
	at org.testng.SuiteRunner.runTest(SuiteRunner.java:377)
	at org.testng.SuiteRunner.access$000(SuiteRunner.java:28)
	at org.testng.SuiteRunner$SuiteWorker.run(SuiteRunner.java:418)
	at org.testng.internal.thread.ThreadUtil.lambda$execute$0(ThreadUtil.java:64)
	at java.util.concurrent.FutureTask.run(FutureTask.java:266)
	at java.util.concurrent.ThreadPoolExecutor.runWorker(ThreadPoolExecutor.java:1149)
	at java.util.concurrent.ThreadPoolExecutor$Worker.run(ThreadPoolExecutor.java:624)
	at java.lang.Thread.run(Thread.java:748)
</pre></div></td>
<td>5</td>
<td>com.codekuul.uitest.SignUpPageTest@3d36e4cd</td></tr>
<tr>
<td title='com.codekuul.uitest.SignInPageTests.validateSignInWithBlankEmail()'><b>validateSignInWithBlankEmail</b><br>Test class: com.codekuul.uitest.SignInPageTests</td>
<td><div><pre>java.lang.AssertionError: expected [https://ijmeet.com/dashboard] but found [https://ijmeet.com/login?csrt=14327204269949838976]
	at com.codekuul.uitest.SignInPageTests.validateSignInWithBlankEmail(SignInPageTests.java:38)
	at java.util.ArrayList.forEach(ArrayList.java:1259)
	at java.util.concurrent.FutureTask.run(FutureTask.java:266)
	at java.util.concurrent.ThreadPoolExecutor.runWorker(ThreadPoolExecutor.java:1149)
	at java.util.concurrent.ThreadPoolExecutor$Worker.run(ThreadPoolExecutor.java:624)
	at java.lang.Thread.run(Thread.java:748)
... Removed 24 stack frames</pre></div><a href='#' onClick='toggleBox("stack-trace1597033480", this, "Click to show all stack frames", "Click to hide stack frames")'>Click to show all stack frames</a>
<div class='stack-trace' id='stack-trace1597033480'><pre>java.lang.AssertionError: expected [https://ijmeet.com/dashboard] but found [https://ijmeet.com/login?csrt=14327204269949838976]
	at org.testng.Assert.fail(Assert.java:99)
	at org.testng.Assert.failNotEquals(Assert.java:1037)
	at org.testng.Assert.assertEqualsImpl(Assert.java:140)
	at org.testng.Assert.assertEquals(Assert.java:122)
	at org.testng.Assert.assertEquals(Assert.java:629)
	at org.testng.Assert.assertEquals(Assert.java:639)
	at com.codekuul.uitest.SignInPageTests.validateSignInWithBlankEmail(SignInPageTests.java:38)
	at sun.reflect.NativeMethodAccessorImpl.invoke0(Native Method)
	at sun.reflect.NativeMethodAccessorImpl.invoke(NativeMethodAccessorImpl.java:62)
	at sun.reflect.DelegatingMethodAccessorImpl.invoke(DelegatingMethodAccessorImpl.java:43)
	at java.lang.reflect.Method.invoke(Method.java:498)
	at org.testng.internal.MethodInvocationHelper.invokeMethod(MethodInvocationHelper.java:133)
	at org.testng.internal.TestInvoker.invokeMethod(TestInvoker.java:598)
	at org.testng.internal.TestInvoker.invokeTestMethod(TestInvoker.java:173)
	at org.testng.internal.MethodRunner.runInSequence(MethodRunner.java:46)
	at org.testng.internal.TestInvoker$MethodInvocationAgent.invoke(TestInvoker.java:824)
	at org.testng.internal.TestInvoker.invokeTestMethods(TestInvoker.java:146)
	at org.testng.internal.TestMethodWorker.invokeTestMethods(TestMethodWorker.java:146)
	at org.testng.internal.TestMethodWorker.run(TestMethodWorker.java:128)
	at java.util.ArrayList.forEach(ArrayList.java:1259)
	at org.testng.TestRunner.privateRun(TestRunner.java:794)
	at org.testng.TestRunner.run(TestRunner.java:596)
	at org.testng.SuiteRunner.runTest(SuiteRunner.java:377)
	at org.testng.SuiteRunner.access$000(SuiteRunner.java:28)
	at org.testng.SuiteRunner$SuiteWorker.run(SuiteRunner.java:418)
	at org.testng.internal.thread.ThreadUtil.lambda$execute$0(ThreadUtil.java:64)
	at java.util.concurrent.FutureTask.run(FutureTask.java:266)
	at java.util.concurrent.ThreadPoolExecutor.runWorker(ThreadPoolExecutor.java:1149)
	at java.util.concurrent.ThreadPoolExecutor$Worker.run(ThreadPoolExecutor.java:624)
	at java.lang.Thread.run(Thread.java:748)
</pre></div></td>
<td>6</td>
<td>com.codekuul.uitest.SignInPageTests@3439f68d</td></tr>
<tr>
<td title='com.codekuul.uitest.SignUpPageTest.validateCompanyFieldForInvalidInput()'><b>validateCompanyFieldForInvalidInput</b><br>Test class: com.codekuul.uitest.SignUpPageTest</td>
<td><div><pre>java.lang.ArrayIndexOutOfBoundsException: 1
	at com.codekuul.keywords.UiKeywords.enterText(UiKeywords.java:158)
	at com.codekuul.uitest.SignUpPageTest.validateCompanyFieldForInvalidInput(SignUpPageTest.java:63)
	at java.util.ArrayList.forEach(ArrayList.java:1259)
	at java.util.concurrent.FutureTask.run(FutureTask.java:266)
	at java.util.concurrent.ThreadPoolExecutor.runWorker(ThreadPoolExecutor.java:1149)
	at java.util.concurrent.ThreadPoolExecutor$Worker.run(ThreadPoolExecutor.java:624)
	at java.lang.Thread.run(Thread.java:748)
... Removed 18 stack frames</pre></div><a href='#' onClick='toggleBox("stack-trace1756149972", this, "Click to show all stack frames", "Click to hide stack frames")'>Click to show all stack frames</a>
<div class='stack-trace' id='stack-trace1756149972'><pre>java.lang.ArrayIndexOutOfBoundsException: 1
	at com.codekuul.keywords.UiKeywords.enterText(UiKeywords.java:158)
	at com.codekuul.uitest.SignUpPageTest.validateCompanyFieldForInvalidInput(SignUpPageTest.java:63)
	at sun.reflect.NativeMethodAccessorImpl.invoke0(Native Method)
	at sun.reflect.NativeMethodAccessorImpl.invoke(NativeMethodAccessorImpl.java:62)
	at sun.reflect.DelegatingMethodAccessorImpl.invoke(DelegatingMethodAccessorImpl.java:43)
	at java.lang.reflect.Method.invoke(Method.java:498)
	at org.testng.internal.MethodInvocationHelper.invokeMethod(MethodInvocationHelper.java:133)
	at org.testng.internal.TestInvoker.invokeMethod(TestInvoker.java:598)
	at org.testng.internal.TestInvoker.invokeTestMethod(TestInvoker.java:173)
	at org.testng.internal.MethodRunner.runInSequence(MethodRunner.java:46)
	at org.testng.internal.TestInvoker$MethodInvocationAgent.invoke(TestInvoker.java:824)
	at org.testng.internal.TestInvoker.invokeTestMethods(TestInvoker.java:146)
	at org.testng.internal.TestMethodWorker.invokeTestMethods(TestMethodWorker.java:146)
	at org.testng.internal.TestMethodWorker.run(TestMethodWorker.java:128)
	at java.util.ArrayList.forEach(ArrayList.java:1259)
	at org.testng.TestRunner.privateRun(TestRunner.java:794)
	at org.testng.TestRunner.run(TestRunner.java:596)
	at org.testng.SuiteRunner.runTest(SuiteRunner.java:377)
	at org.testng.SuiteRunner.access$000(SuiteRunner.java:28)
	at org.testng.SuiteRunner$SuiteWorker.run(SuiteRunner.java:418)
	at org.testng.internal.thread.ThreadUtil.lambda$execute$0(ThreadUtil.java:64)
	at java.util.concurrent.FutureTask.run(FutureTask.java:266)
	at java.util.concurrent.ThreadPoolExecutor.runWorker(ThreadPoolExecutor.java:1149)
	at java.util.concurrent.ThreadPoolExecutor$Worker.run(ThreadPoolExecutor.java:624)
	at java.lang.Thread.run(Thread.java:748)
</pre></div></td>
<td>3</td>
<td>com.codekuul.uitest.SignUpPageTest@3d36e4cd</td></tr>
<tr>
<td title='com.codekuul.uitest.SignUpPageTest.validateFullNameFieldForCorrectInput()'><b>validateFullNameFieldForCorrectInput</b><br>Test class: com.codekuul.uitest.SignUpPageTest</td>
<td><div><pre>java.lang.ArrayIndexOutOfBoundsException: 1
	at com.codekuul.keywords.UiKeywords.enterText(UiKeywords.java:158)
	at com.codekuul.uitest.SignUpPageTest.validateFullNameFieldForCorrectInput(SignUpPageTest.java:24)
	at java.util.ArrayList.forEach(ArrayList.java:1259)
	at java.util.concurrent.FutureTask.run(FutureTask.java:266)
	at java.util.concurrent.ThreadPoolExecutor.runWorker(ThreadPoolExecutor.java:1149)
	at java.util.concurrent.ThreadPoolExecutor$Worker.run(ThreadPoolExecutor.java:624)
	at java.lang.Thread.run(Thread.java:748)
... Removed 18 stack frames</pre></div><a href='#' onClick='toggleBox("stack-trace731598784", this, "Click to show all stack frames", "Click to hide stack frames")'>Click to show all stack frames</a>
<div class='stack-trace' id='stack-trace731598784'><pre>java.lang.ArrayIndexOutOfBoundsException: 1
	at com.codekuul.keywords.UiKeywords.enterText(UiKeywords.java:158)
	at com.codekuul.uitest.SignUpPageTest.validateFullNameFieldForCorrectInput(SignUpPageTest.java:24)
	at sun.reflect.NativeMethodAccessorImpl.invoke0(Native Method)
	at sun.reflect.NativeMethodAccessorImpl.invoke(NativeMethodAccessorImpl.java:62)
	at sun.reflect.DelegatingMethodAccessorImpl.invoke(DelegatingMethodAccessorImpl.java:43)
	at java.lang.reflect.Method.invoke(Method.java:498)
	at org.testng.internal.MethodInvocationHelper.invokeMethod(MethodInvocationHelper.java:133)
	at org.testng.internal.TestInvoker.invokeMethod(TestInvoker.java:598)
	at org.testng.internal.TestInvoker.invokeTestMethod(TestInvoker.java:173)
	at org.testng.internal.MethodRunner.runInSequence(MethodRunner.java:46)
	at org.testng.internal.TestInvoker$MethodInvocationAgent.invoke(TestInvoker.java:824)
	at org.testng.internal.TestInvoker.invokeTestMethods(TestInvoker.java:146)
	at org.testng.internal.TestMethodWorker.invokeTestMethods(TestMethodWorker.java:146)
	at org.testng.internal.TestMethodWorker.run(TestMethodWorker.java:128)
	at java.util.ArrayList.forEach(ArrayList.java:1259)
	at org.testng.TestRunner.privateRun(TestRunner.java:794)
	at org.testng.TestRunner.run(TestRunner.java:596)
	at org.testng.SuiteRunner.runTest(SuiteRunner.java:377)
	at org.testng.SuiteRunner.access$000(SuiteRunner.java:28)
	at org.testng.SuiteRunner$SuiteWorker.run(SuiteRunner.java:418)
	at org.testng.internal.thread.ThreadUtil.lambda$execute$0(ThreadUtil.java:64)
	at java.util.concurrent.FutureTask.run(FutureTask.java:266)
	at java.util.concurrent.ThreadPoolExecutor.runWorker(ThreadPoolExecutor.java:1149)
	at java.util.concurrent.ThreadPoolExecutor$Worker.run(ThreadPoolExecutor.java:624)
	at java.lang.Thread.run(Thread.java:748)
</pre></div></td>
<td>4</td>
<td>com.codekuul.uitest.SignUpPageTest@3d36e4cd</td></tr>
</table><p>
<table width='100%' border='1' class='invocation-passed'>
<tr><td colspan='4' align='center'><b>PASSED TESTS</b></td></tr>
<tr><td><b>Test method</b></td>
<td width="30%"><b>Exception</b></td>
<td width="10%"><b>Time (seconds)</b></td>
<td><b>Instance</b></td>
</tr>
<tr>
<td title='com.codekuul.uitest.SignInPageTests.validateForgotPasswordLink()'><b>validateForgotPasswordLink</b><br>Test class: com.codekuul.uitest.SignInPageTests</td>
<td></td>
<td>4</td>
<td>com.codekuul.uitest.SignInPageTests@3439f68d</td></tr>
<tr>
<td title='com.codekuul.uitest.SignInPageTests.validateSignInWithValidInput()'><b>validateSignInWithValidInput</b><br>Test class: com.codekuul.uitest.SignInPageTests</td>
<td></td>
<td>18</td>
<td>com.codekuul.uitest.SignInPageTests@3439f68d</td></tr>
<tr>
<td title='com.codekuul.uitest.HostMeetingPageTest.validateTryItLinkRedirectToSignUpPage()'><b>validateTryItLinkRedirectToSignUpPage</b><br>Test class: com.codekuul.uitest.HostMeetingPageTest</td>
<td></td>
<td>8</td>
<td>com.codekuul.uitest.HostMeetingPageTest@dbd940d</td></tr>
<tr>
<td title='com.codekuul.uitest.JoinMeetingPageTests.validateQuickJoinMeetingForValidInput()'><b>validateQuickJoinMeetingForValidInput</b><br>Test class: com.codekuul.uitest.JoinMeetingPageTests</td>
<td></td>
<td>2</td>
<td>com.codekuul.uitest.JoinMeetingPageTests@6a472554</td></tr>
<tr>
<td title='com.codekuul.uitest.SignInPageTests.validateRememberMeCheckBox()'><b>validateRememberMeCheckBox</b><br>Test class: com.codekuul.uitest.SignInPageTests</td>
<td></td>
<td>2</td>
<td>com.codekuul.uitest.SignInPageTests@3439f68d</td></tr>
<tr>
<td title='com.codekuul.uitest.SignInPageTests.validateViewPasswordButton()'><b>validateViewPasswordButton</b><br>Test class: com.codekuul.uitest.SignInPageTests</td>
<td></td>
<td>6</td>
<td>com.codekuul.uitest.SignInPageTests@3439f68d</td></tr>
<tr>
<td title='com.codekuul.uitest.JoinMeetingPageTests.validateMeetingidFieldForBlankId()'><b>validateMeetingidFieldForBlankId</b><br>Test class: com.codekuul.uitest.JoinMeetingPageTests</td>
<td></td>
<td>5</td>
<td>com.codekuul.uitest.JoinMeetingPageTests@6a472554</td></tr>
<tr>
<td title='com.codekuul.uitest.SignInPageTests.validateSignUpLink()'><b>validateSignUpLink</b><br>Test class: com.codekuul.uitest.SignInPageTests</td>
<td></td>
<td>11</td>
<td>com.codekuul.uitest.SignInPageTests@3439f68d</td></tr>
<tr>
<td title='com.codekuul.uitest.JoinMeetingPageTests.validateNameFieldForBlankName()'><b>validateNameFieldForBlankName</b><br>Test class: com.codekuul.uitest.JoinMeetingPageTests</td>
<td></td>
<td>6</td>
<td>com.codekuul.uitest.JoinMeetingPageTests@6a472554</td></tr>
</table><p>
</body>
</html>