<?xml version="1.0" encoding="UTF-8"?>
<!-- Generated by org.testng.reporters.JUnitReportReporter -->
<testsuite skipped="6" hostname="LAPTOP-A7HIT538" name="com.codekuul.uitest.SignInPageTests" tests="13" failures="1" timestamp="2021-12-08T22:59:46 IST" time="168.485" errors="1">
  <testcase name="validateSignInWithBlankEmail" time="0.000" classname="com.codekuul.uitest.SignInPageTests">
    <skipped/>
  </testcase> <!-- validateSignInWithBlankEmail -->
  <system-out/>
  <testcase name="validateViewPasswordButton" time="28.472" classname="com.codekuul.uitest.SignInPageTests"/>
  <system-out/>
  <testcase name="validateSignInWithValidInput" time="0.000" classname="com.codekuul.uitest.SignInPageTests">
    <skipped/>
  </testcase> <!-- validateSignInWithValidInput -->
  <system-out/>
  <testcase name="validateRememberMeCheckBox" time="0.000" classname="com.codekuul.uitest.SignInPageTests">
    <skipped/>
  </testcase> <!-- validateRememberMeCheckBox -->
  <system-out/>
  <testcase name="validateForgotPasswordLink" time="0.000" classname="com.codekuul.uitest.SignInPageTests">
    <skipped/>
  </testcase> <!-- validateForgotPasswordLink -->
  <system-out/>
  <testcase name="validateForgotPasswordLink" time="15.759" classname="com.codekuul.uitest.SignInPageTests"/>
  <system-out/>
  <testcase name="validateSignUpLink" time="0.000" classname="com.codekuul.uitest.SignInPageTests">
    <skipped/>
  </testcase> <!-- validateSignUpLink -->
  <system-out/>
  <testcase name="validateSignInWithValidInput" time="34.105" classname="com.codekuul.uitest.SignInPageTests"/>
  <system-out/>
  <testcase name="validateRememberMeCheckBox" time="18.645" classname="com.codekuul.uitest.SignInPageTests"/>
  <system-out/>
  <testcase name="validateSignInWithBlankEmail" time="30.971" classname="com.codekuul.uitest.SignInPageTests">
    <failure type="java.lang.AssertionError" message="expected [https://ijmeet.com/dashboard] but found [https://ijmeet.com/login?csrt=14327204269949838976]">
      <![CDATA[java.lang.AssertionError: expected [https://ijmeet.com/dashboard] but found [https://ijmeet.com/login?csrt=14327204269949838976]
at org.testng.Assert.fail(Assert.java:99)
at org.testng.Assert.failNotEquals(Assert.java:1037)
at org.testng.Assert.assertEqualsImpl(Assert.java:140)
at org.testng.Assert.assertEquals(Assert.java:122)
at org.testng.Assert.assertEquals(Assert.java:629)
at org.testng.Assert.assertEquals(Assert.java:639)
at com.codekuul.uitest.SignInPageTests.validateSignInWithBlankEmail(SignInPageTests.java:38)
at sun.reflect.NativeMethodAccessorImpl.invoke0(Native Method)
at sun.reflect.NativeMethodAccessorImpl.invoke(NativeMethodAccessorImpl.java:62)
at sun.reflect.DelegatingMethodAccessorImpl.invoke(DelegatingMethodAccessorImpl.java:43)
at java.lang.reflect.Method.invoke(Method.java:498)
at org.testng.internal.MethodInvocationHelper.invokeMethod(MethodInvocationHelper.java:133)
at org.testng.internal.TestInvoker.invokeMethod(TestInvoker.java:598)
at org.testng.internal.TestInvoker.invokeTestMethod(TestInvoker.java:173)
at org.testng.internal.MethodRunner.runInSequence(MethodRunner.java:46)
at org.testng.internal.TestInvoker$MethodInvocationAgent.invoke(TestInvoker.java:824)
at org.testng.internal.TestInvoker.invokeTestMethods(TestInvoker.java:146)
at org.testng.internal.TestMethodWorker.invokeTestMethods(TestMethodWorker.java:146)
at org.testng.internal.TestMethodWorker.run(TestMethodWorker.java:128)
at java.util.ArrayList.forEach(ArrayList.java:1259)
at org.testng.TestRunner.privateRun(TestRunner.java:794)
at org.testng.TestRunner.run(TestRunner.java:596)
at org.testng.SuiteRunner.runTest(SuiteRunner.java:377)
at org.testng.SuiteRunner.access$000(SuiteRunner.java:28)
at org.testng.SuiteRunner$SuiteWorker.run(SuiteRunner.java:418)
at org.testng.internal.thread.ThreadUtil.lambda$execute$0(ThreadUtil.java:64)
at java.util.concurrent.FutureTask.run(FutureTask.java:266)
at java.util.concurrent.ThreadPoolExecutor.runWorker(ThreadPoolExecutor.java:1149)
at java.util.concurrent.ThreadPoolExecutor$Worker.run(ThreadPoolExecutor.java:624)
at java.lang.Thread.run(Thread.java:748)
]]>
    </failure>
  </testcase> <!-- validateSignInWithBlankEmail -->
  <system-out/>
  <testcase name="validateViewPasswordButton" time="0.000" classname="com.codekuul.uitest.SignInPageTests">
    <skipped/>
  </testcase> <!-- validateViewPasswordButton -->
  <system-out/>
  <testcase name="validateSignUpLink" time="24.460" classname="com.codekuul.uitest.SignInPageTests"/>
  <system-out/>
  <testcase name="setUP" time="16.073" classname="com.codekuul.uitest.SignInPageTests">
    <error type="org.openqa.selenium.SessionNotCreatedException" message="Could not start a new session. Response code 400. Message: Unrecognised option moz:debuggerAddress
Build info: version: &#039;4.0.0-rc-1&#039;, revision: &#039;bc5511cbda&#039;
System info: host: &#039;LAPTOP-A7HIT538&#039;, ip: &#039;192.168.132.125&#039;, os.name: &#039;Windows 10&#039;, os.arch: &#039;amd64&#039;, os.version: &#039;10.0&#039;, java.version: &#039;1.8.0_301&#039;
Driver info: org.openqa.selenium.firefox.FirefoxDriver
Command: [null, newSession {capabilities=[Capabilities {acceptInsecureCerts: true, browserName: firefox, moz:debuggerAddress: true, moz:firefoxOptions: {}}], desiredCapabilities=Capabilities {acceptInsecureCerts: true, browserName: firefox, moz:debuggerAddress: true, moz:firefoxOptions: {}}}]">
      <![CDATA[org.openqa.selenium.SessionNotCreatedException: Could not start a new session. Response code 400. Message: Unrecognised option moz:debuggerAddress
Build info: version: '4.0.0-rc-1', revision: 'bc5511cbda'
System info: host: 'LAPTOP-A7HIT538', ip: '192.168.132.125', os.name: 'Windows 10', os.arch: 'amd64', os.version: '10.0', java.version: '1.8.0_301'
Driver info: org.openqa.selenium.firefox.FirefoxDriver
Command: [null, newSession {capabilities=[Capabilities {acceptInsecureCerts: true, browserName: firefox, moz:debuggerAddress: true, moz:firefoxOptions: {}}], desiredCapabilities=Capabilities {acceptInsecureCerts: true, browserName: firefox, moz:debuggerAddress: true, moz:firefoxOptions: {}}}]
at org.openqa.selenium.remote.ProtocolHandshake.createSession(ProtocolHandshake.java:126)
at org.openqa.selenium.remote.ProtocolHandshake.createSession(ProtocolHandshake.java:84)
at org.openqa.selenium.remote.ProtocolHandshake.createSession(ProtocolHandshake.java:62)
at org.openqa.selenium.remote.HttpCommandExecutor.execute(HttpCommandExecutor.java:156)
at org.openqa.selenium.remote.service.DriverCommandExecutor.invokeExecute(DriverCommandExecutor.java:164)
at org.openqa.selenium.remote.service.DriverCommandExecutor.execute(DriverCommandExecutor.java:139)
at org.openqa.selenium.remote.RemoteWebDriver.execute(RemoteWebDriver.java:547)
at org.openqa.selenium.remote.RemoteWebDriver.startSession(RemoteWebDriver.java:244)
at org.openqa.selenium.remote.RemoteWebDriver.<init>(RemoteWebDriver.java:166)
at org.openqa.selenium.firefox.FirefoxDriver.<init>(FirefoxDriver.java:205)
at org.openqa.selenium.firefox.FirefoxDriver.<init>(FirefoxDriver.java:193)
at org.openqa.selenium.firefox.FirefoxDriver.<init>(FirefoxDriver.java:171)
at com.codekuul.keywords.UiKeywords.openBrowser(UiKeywords.java:53)
at com.codekuul.config.BaseClass.setUP(BaseClass.java:18)
at sun.reflect.NativeMethodAccessorImpl.invoke0(Native Method)
at sun.reflect.NativeMethodAccessorImpl.invoke(NativeMethodAccessorImpl.java:62)
at sun.reflect.DelegatingMethodAccessorImpl.invoke(DelegatingMethodAccessorImpl.java:43)
at java.lang.reflect.Method.invoke(Method.java:498)
at org.testng.internal.MethodInvocationHelper.invokeMethod(MethodInvocationHelper.java:133)
at org.testng.internal.MethodInvocationHelper.invokeMethodConsideringTimeout(MethodInvocationHelper.java:62)
at org.testng.internal.ConfigInvoker.invokeConfigurationMethod(ConfigInvoker.java:385)
at org.testng.internal.ConfigInvoker.invokeConfigurations(ConfigInvoker.java:321)
at org.testng.internal.TestInvoker.runConfigMethods(TestInvoker.java:700)
at org.testng.internal.TestInvoker.invokeMethod(TestInvoker.java:527)
at org.testng.internal.TestInvoker.invokeTestMethod(TestInvoker.java:173)
at org.testng.internal.MethodRunner.runInSequence(MethodRunner.java:46)
at org.testng.internal.TestInvoker$MethodInvocationAgent.invoke(TestInvoker.java:824)
at org.testng.internal.TestInvoker.invokeTestMethods(TestInvoker.java:146)
at org.testng.internal.TestMethodWorker.invokeTestMethods(TestMethodWorker.java:146)
at org.testng.internal.TestMethodWorker.run(TestMethodWorker.java:128)
at java.util.ArrayList.forEach(ArrayList.java:1259)
at org.testng.TestRunner.privateRun(TestRunner.java:794)
at org.testng.TestRunner.run(TestRunner.java:596)
at org.testng.SuiteRunner.runTest(SuiteRunner.java:377)
at org.testng.SuiteRunner.access$000(SuiteRunner.java:28)
at org.testng.SuiteRunner$SuiteWorker.run(SuiteRunner.java:418)
at org.testng.internal.thread.ThreadUtil.lambda$execute$0(ThreadUtil.java:64)
at java.util.concurrent.FutureTask.run(FutureTask.java:266)
at java.util.concurrent.ThreadPoolExecutor.runWorker(ThreadPoolExecutor.java:1149)
at java.util.concurrent.ThreadPoolExecutor$Worker.run(ThreadPoolExecutor.java:624)
at java.lang.Thread.run(Thread.java:748)
]]>
    </error>
  </testcase> <!-- setUP -->
  <system-out/>
</testsuite> <!-- com.codekuul.uitest.SignInPageTests -->
